<?xml version="1.0" encoding="UTF-8"?>
<!-- Generated by org.testng.reporters.JUnitReportReporter -->
<testsuite hostname="DESKTOP-U3DCCJL" failures="0" tests="4" name="runnerfiles.TestNGRunner" time="0.287" errors="0" timestamp="2023-12-02T17:57:59 IST" skipped="0">
  <testcase classname="runnerfiles.TestNGRunner" name="runScenario" time="0.203"/>
  <testcase classname="runnerfiles.TestNGRunner" name="runScenario" time="0.029"/>
  <testcase classname="runnerfiles.TestNGRunner" name="runScenario" time="0.023"/>
  <testcase classname="runnerfiles.TestNGRunner" name="runScenario" time="0.032"/>
</testsuite> <!-- runnerfiles.TestNGRunner -->
